\BOOKMARK [0][-]{chapter.1}{\376\377\0001\000\040\000N\000a\000m\000e\000s\000p\000a\000c\000e\000\040\000I\000n\000d\000e\000x}{}% 1
\BOOKMARK [1][-]{section.1.1}{\376\377\0001\000.\0001\000\040\000P\000a\000c\000k\000a\000g\000e\000s}{chapter.1}% 2
\BOOKMARK [0][-]{chapter.2}{\376\377\0002\000\040\000H\000i\000e\000r\000a\000r\000c\000h\000i\000c\000a\000l\000\040\000I\000n\000d\000e\000x}{}% 3
\BOOKMARK [1][-]{section.2.1}{\376\377\0002\000.\0001\000\040\000C\000l\000a\000s\000s\000\040\000H\000i\000e\000r\000a\000r\000c\000h\000y}{chapter.2}% 4
\BOOKMARK [0][-]{chapter.3}{\376\377\0003\000\040\000C\000l\000a\000s\000s\000\040\000I\000n\000d\000e\000x}{}% 5
\BOOKMARK [1][-]{section.3.1}{\376\377\0003\000.\0001\000\040\000C\000l\000a\000s\000s\000\040\000L\000i\000s\000t}{chapter.3}% 6
\BOOKMARK [0][-]{chapter.4}{\376\377\0004\000\040\000F\000i\000l\000e\000\040\000I\000n\000d\000e\000x}{}% 7
\BOOKMARK [1][-]{section.4.1}{\376\377\0004\000.\0001\000\040\000F\000i\000l\000e\000\040\000L\000i\000s\000t}{chapter.4}% 8
\BOOKMARK [0][-]{chapter.5}{\376\377\0005\000\040\000N\000a\000m\000e\000s\000p\000a\000c\000e\000\040\000D\000o\000c\000u\000m\000e\000n\000t\000a\000t\000i\000o\000n}{}% 9
\BOOKMARK [1][-]{section.5.1}{\376\377\0005\000.\0001\000\040\000P\000a\000c\000k\000a\000g\000e\000\040\000g\000u\000i}{chapter.5}% 10
\BOOKMARK [1][-]{section.5.2}{\376\377\0005\000.\0002\000\040\000P\000a\000c\000k\000a\000g\000e\000\040\000m\000a\000i\000n}{chapter.5}% 11
\BOOKMARK [0][-]{chapter.6}{\376\377\0006\000\040\000C\000l\000a\000s\000s\000\040\000D\000o\000c\000u\000m\000e\000n\000t\000a\000t\000i\000o\000n}{}% 12
\BOOKMARK [1][-]{section.6.1}{\376\377\0006\000.\0001\000\040\000m\000a\000i\000n\000.\000A\000u\000d\000i\000o\000O\000u\000t\000p\000u\000t\000\040\000I\000n\000t\000e\000r\000f\000a\000c\000e\000\040\000R\000e\000f\000e\000r\000e\000n\000c\000e}{chapter.6}% 13
\BOOKMARK [2][-]{subsection.6.1.1}{\376\377\0006\000.\0001\000.\0001\000\040\000D\000e\000t\000a\000i\000l\000e\000d\000\040\000D\000e\000s\000c\000r\000i\000p\000t\000i\000o\000n}{section.6.1}% 14
\BOOKMARK [2][-]{subsection.6.1.2}{\376\377\0006\000.\0001\000.\0002\000\040\000M\000e\000m\000b\000e\000r\000\040\000F\000u\000n\000c\000t\000i\000o\000n\000\040\000D\000o\000c\000u\000m\000e\000n\000t\000a\000t\000i\000o\000n}{section.6.1}% 15
\BOOKMARK [3][-]{subsubsection.6.1.2.1}{\376\377\0006\000.\0001\000.\0002\000.\0001\000\040\000R\000e\000a\000d\000A\000u\000d\000i\000o\000\050\000A\000u\000d\000i\000o\000F\000o\000r\000m\000a\000t\000\040\000a\000f\000\051}{subsection.6.1.2}% 16
\BOOKMARK [1][-]{section.6.2}{\376\377\0006\000.\0002\000\040\000m\000a\000i\000n\000.\000M\000a\000i\000n\000\040\000C\000l\000a\000s\000s\000\040\000R\000e\000f\000e\000r\000e\000n\000c\000e}{chapter.6}% 17
\BOOKMARK [2][-]{subsection.6.2.1}{\376\377\0006\000.\0002\000.\0001\000\040\000D\000e\000t\000a\000i\000l\000e\000d\000\040\000D\000e\000s\000c\000r\000i\000p\000t\000i\000o\000n}{section.6.2}% 18
\BOOKMARK [2][-]{subsection.6.2.2}{\376\377\0006\000.\0002\000.\0002\000\040\000C\000o\000n\000s\000t\000r\000u\000c\000t\000o\000r\000\040\000\046\000\040\000D\000e\000s\000t\000r\000u\000c\000t\000o\000r\000\040\000D\000o\000c\000u\000m\000e\000n\000t\000a\000t\000i\000o\000n}{section.6.2}% 19
\BOOKMARK [3][-]{subsubsection.6.2.2.1}{\376\377\0006\000.\0002\000.\0002\000.\0001\000\040\000M\000a\000i\000n\000\050\000\051}{subsection.6.2.2}% 20
\BOOKMARK [2][-]{subsection.6.2.3}{\376\377\0006\000.\0002\000.\0003\000\040\000M\000e\000m\000b\000e\000r\000\040\000F\000u\000n\000c\000t\000i\000o\000n\000\040\000D\000o\000c\000u\000m\000e\000n\000t\000a\000t\000i\000o\000n}{section.6.2}% 21
\BOOKMARK [3][-]{subsubsection.6.2.3.1}{\376\377\0006\000.\0002\000.\0003\000.\0001\000\040\000b\000u\000i\000l\000d\000G\000U\000I\000\050\000\051}{subsection.6.2.3}% 22
\BOOKMARK [3][-]{subsubsection.6.2.3.2}{\376\377\0006\000.\0002\000.\0003\000.\0002\000\040\000G\000e\000t\000O\000S\000C\000\050\000\051}{subsection.6.2.3}% 23
\BOOKMARK [3][-]{subsubsection.6.2.3.3}{\376\377\0006\000.\0002\000.\0003\000.\0003\000\040\000G\000e\000t\000V\000K\000\050\000\051}{subsection.6.2.3}% 24
\BOOKMARK [3][-]{subsubsection.6.2.3.4}{\376\377\0006\000.\0002\000.\0003\000.\0004\000\040\000l\000o\000a\000d\000S\000t\000a\000t\000e\000\050\000F\000i\000l\000e\000\040\000f\000\051}{subsection.6.2.3}% 25
\BOOKMARK [3][-]{subsubsection.6.2.3.5}{\376\377\0006\000.\0002\000.\0003\000.\0005\000\040\000m\000a\000i\000n\000\050\000S\000t\000r\000i\000n\000g\000[\000]\000\040\000a\000r\000g\000s\000\051}{subsection.6.2.3}% 26
\BOOKMARK [3][-]{subsubsection.6.2.3.6}{\376\377\0006\000.\0002\000.\0003\000.\0006\000\040\000s\000a\000v\000e\000S\000t\000a\000t\000e\000\050\000F\000i\000l\000e\000\040\000f\000\051}{subsection.6.2.3}% 27
\BOOKMARK [1][-]{section.6.3}{\376\377\0006\000.\0003\000\040\000m\000a\000i\000n\000.\000M\000i\000x\000e\000r\000\040\000C\000l\000a\000s\000s\000\040\000R\000e\000f\000e\000r\000e\000n\000c\000e}{chapter.6}% 28
\BOOKMARK [2][-]{subsection.6.3.1}{\376\377\0006\000.\0003\000.\0001\000\040\000C\000o\000n\000s\000t\000r\000u\000c\000t\000o\000r\000\040\000\046\000\040\000D\000e\000s\000t\000r\000u\000c\000t\000o\000r\000\040\000D\000o\000c\000u\000m\000e\000n\000t\000a\000t\000i\000o\000n}{section.6.3}% 29
\BOOKMARK [3][-]{subsubsection.6.3.1.1}{\376\377\0006\000.\0003\000.\0001\000.\0001\000\040\000M\000i\000x\000e\000r\000\050\000M\000a\000i\000n\000\040\000m\000\051}{subsection.6.3.1}% 30
\BOOKMARK [2][-]{subsection.6.3.2}{\376\377\0006\000.\0003\000.\0002\000\040\000M\000e\000m\000b\000e\000r\000\040\000F\000u\000n\000c\000t\000i\000o\000n\000\040\000D\000o\000c\000u\000m\000e\000n\000t\000a\000t\000i\000o\000n}{section.6.3}% 31
\BOOKMARK [3][-]{subsubsection.6.3.2.1}{\376\377\0006\000.\0003\000.\0002\000.\0001\000\040\000T\000o\000g\000l\000e\000R\000e\000c\000o\000r\000d\000i\000n\000g\000\050\000\051}{subsection.6.3.2}% 32
\BOOKMARK [3][-]{subsubsection.6.3.2.2}{\376\377\0006\000.\0003\000.\0002\000.\0002\000\040\000u\000p\000d\000a\000t\000e\000\050\000\051}{subsection.6.3.2}% 33
\BOOKMARK [1][-]{section.6.4}{\376\377\0006\000.\0004\000\040\000m\000a\000i\000n\000.\000N\000o\000t\000e\000\040\000C\000l\000a\000s\000s\000\040\000R\000e\000f\000e\000r\000e\000n\000c\000e}{chapter.6}% 34
\BOOKMARK [2][-]{subsection.6.4.1}{\376\377\0006\000.\0004\000.\0001\000\040\000D\000e\000t\000a\000i\000l\000e\000d\000\040\000D\000e\000s\000c\000r\000i\000p\000t\000i\000o\000n}{section.6.4}% 35
\BOOKMARK [2][-]{subsection.6.4.2}{\376\377\0006\000.\0004\000.\0002\000\040\000C\000o\000n\000s\000t\000r\000u\000c\000t\000o\000r\000\040\000\046\000\040\000D\000e\000s\000t\000r\000u\000c\000t\000o\000r\000\040\000D\000o\000c\000u\000m\000e\000n\000t\000a\000t\000i\000o\000n}{section.6.4}% 36
\BOOKMARK [3][-]{subsubsection.6.4.2.1}{\376\377\0006\000.\0004\000.\0002\000.\0001\000\040\000N\000o\000t\000e\000\050\000S\000t\000r\000i\000n\000g\000\040\000n\000a\000m\000e\000,\000\040\000i\000n\000t\000\040\000o\000c\000t\000\051}{subsection.6.4.2}% 37
\BOOKMARK [2][-]{subsection.6.4.3}{\376\377\0006\000.\0004\000.\0003\000\040\000M\000e\000m\000b\000e\000r\000\040\000F\000u\000n\000c\000t\000i\000o\000n\000\040\000D\000o\000c\000u\000m\000e\000n\000t\000a\000t\000i\000o\000n}{section.6.4}% 38
\BOOKMARK [3][-]{subsubsection.6.4.3.1}{\376\377\0006\000.\0004\000.\0003\000.\0001\000\040\000c\000o\000m\000p\000a\000r\000e\000T\000o\000\050\000O\000b\000j\000e\000c\000t\000\040\000o\000\051}{subsection.6.4.3}% 39
\BOOKMARK [3][-]{subsubsection.6.4.3.2}{\376\377\0006\000.\0004\000.\0003\000.\0002\000\040\000e\000q\000u\000a\000l\000s\000\050\000O\000b\000j\000e\000c\000t\000\040\000o\000\051}{subsection.6.4.3}% 40
\BOOKMARK [1][-]{section.6.5}{\376\377\0006\000.\0005\000\040\000m\000a\000i\000n\000.\000N\000o\000t\000e\000L\000i\000s\000t\000e\000n\000e\000r\000\040\000I\000n\000t\000e\000r\000f\000a\000c\000e\000\040\000R\000e\000f\000e\000r\000e\000n\000c\000e}{chapter.6}% 41
\BOOKMARK [2][-]{subsection.6.5.1}{\376\377\0006\000.\0005\000.\0001\000\040\000D\000e\000t\000a\000i\000l\000e\000d\000\040\000D\000e\000s\000c\000r\000i\000p\000t\000i\000o\000n}{section.6.5}% 42
\BOOKMARK [2][-]{subsection.6.5.2}{\376\377\0006\000.\0005\000.\0002\000\040\000M\000e\000m\000b\000e\000r\000\040\000F\000u\000n\000c\000t\000i\000o\000n\000\040\000D\000o\000c\000u\000m\000e\000n\000t\000a\000t\000i\000o\000n}{section.6.5}% 43
\BOOKMARK [3][-]{subsubsection.6.5.2.1}{\376\377\0006\000.\0005\000.\0002\000.\0001\000\040\000o\000n\000N\000o\000t\000e\000P\000r\000e\000s\000s\000\050\000N\000o\000t\000e\000\040\000n\000\051}{subsection.6.5.2}% 44
\BOOKMARK [3][-]{subsubsection.6.5.2.2}{\376\377\0006\000.\0005\000.\0002\000.\0002\000\040\000o\000n\000N\000o\000t\000e\000R\000e\000l\000e\000a\000s\000e\000\050\000N\000o\000t\000e\000\040\000n\000\051}{subsection.6.5.2}% 45
\BOOKMARK [1][-]{section.6.6}{\376\377\0006\000.\0006\000\040\000m\000a\000i\000n\000.\000O\000S\000C\000\040\000C\000l\000a\000s\000s\000\040\000R\000e\000f\000e\000r\000e\000n\000c\000e}{chapter.6}% 46
\BOOKMARK [2][-]{subsection.6.6.1}{\376\377\0006\000.\0006\000.\0001\000\040\000D\000e\000t\000a\000i\000l\000e\000d\000\040\000D\000e\000s\000c\000r\000i\000p\000t\000i\000o\000n}{section.6.6}% 47
\BOOKMARK [2][-]{subsection.6.6.2}{\376\377\0006\000.\0006\000.\0002\000\040\000M\000e\000m\000b\000e\000r\000\040\000F\000u\000n\000c\000t\000i\000o\000n\000\040\000D\000o\000c\000u\000m\000e\000n\000t\000a\000t\000i\000o\000n}{section.6.6}% 48
\BOOKMARK [3][-]{subsubsection.6.6.2.1}{\376\377\0006\000.\0006\000.\0002\000.\0001\000\040\000C\000i\000r\000c\000F\000a\000d\000e\000O\000u\000t\000\050\000d\000o\000u\000b\000l\000e\000\040\000c\000e\000t\000\051}{subsection.6.6.2}% 49
\BOOKMARK [3][-]{subsubsection.6.6.2.2}{\376\377\0006\000.\0006\000.\0002\000.\0002\000\040\000G\000e\000t\000A\000m\000p\000\050\000\051}{subsection.6.6.2}% 50
\BOOKMARK [3][-]{subsubsection.6.6.2.3}{\376\377\0006\000.\0006\000.\0002\000.\0003\000\040\000G\000e\000t\000D\000e\000c\000r\000\050\000\051}{subsection.6.6.2}% 51
\BOOKMARK [3][-]{subsubsection.6.6.2.4}{\376\377\0006\000.\0006\000.\0002\000.\0004\000\040\000G\000e\000t\000F\000o\000u\000t\000\050\000\051}{subsection.6.6.2}% 52
\BOOKMARK [3][-]{subsubsection.6.6.2.5}{\376\377\0006\000.\0006\000.\0002\000.\0005\000\040\000G\000e\000t\000M\000o\000d\000e\000\050\000\051}{subsection.6.6.2}% 53
\BOOKMARK [3][-]{subsubsection.6.6.2.6}{\376\377\0006\000.\0006\000.\0002\000.\0006\000\040\000L\000i\000n\000e\000a\000r\000F\000a\000d\000e\000O\000u\000t\000\050\000d\000o\000u\000b\000l\000e\000\040\000c\000e\000t\000\051}{subsection.6.6.2}% 54
\BOOKMARK [3][-]{subsubsection.6.6.2.7}{\376\377\0006\000.\0006\000.\0002\000.\0007\000\040\000o\000n\000N\000o\000t\000e\000P\000r\000e\000s\000s\000\050\000N\000o\000t\000e\000\040\000n\000\051}{subsection.6.6.2}% 55
\BOOKMARK [3][-]{subsubsection.6.6.2.8}{\376\377\0006\000.\0006\000.\0002\000.\0008\000\040\000o\000n\000N\000o\000t\000e\000R\000e\000l\000e\000a\000s\000e\000\050\000N\000o\000t\000e\000\040\000n\000\051}{subsection.6.6.2}% 56
\BOOKMARK [3][-]{subsubsection.6.6.2.9}{\376\377\0006\000.\0006\000.\0002\000.\0009\000\040\000R\000e\000a\000d\000A\000u\000d\000i\000o\000\050\000A\000u\000d\000i\000o\000F\000o\000r\000m\000a\000t\000\040\000a\000f\000\051}{subsection.6.6.2}% 57
\BOOKMARK [3][-]{subsubsection.6.6.2.10}{\376\377\0006\000.\0006\000.\0002\000.\0001\0000\000\040\000R\000o\000o\000t\000F\000a\000d\000e\000O\000u\000t\000\050\000d\000o\000u\000b\000l\000e\000\040\000c\000e\000t\000\051}{subsection.6.6.2}% 58
\BOOKMARK [3][-]{subsubsection.6.6.2.11}{\376\377\0006\000.\0006\000.\0002\000.\0001\0001\000\040\000s\000a\000w\000\050\000d\000o\000u\000b\000l\000e\000\040\000x\000\051}{subsection.6.6.2}% 59
\BOOKMARK [3][-]{subsubsection.6.6.2.12}{\376\377\0006\000.\0006\000.\0002\000.\0001\0002\000\040\000s\000e\000t\000A\000m\000p\000\050\000d\000o\000u\000b\000l\000e\000\040\000s\000a\000m\000p\000\051}{subsection.6.6.2}% 60
\BOOKMARK [3][-]{subsubsection.6.6.2.13}{\376\377\0006\000.\0006\000.\0002\000.\0001\0003\000\040\000S\000e\000t\000D\000e\000c\000r\000\050\000i\000n\000t\000\040\000s\000d\000\051}{subsection.6.6.2}% 61
\BOOKMARK [3][-]{subsubsection.6.6.2.14}{\376\377\0006\000.\0006\000.\0002\000.\0001\0004\000\040\000S\000e\000t\000F\000O\000u\000t\000T\000i\000m\000e\000\050\000d\000o\000u\000b\000l\000e\000\040\000s\000f\000t\000\051}{subsection.6.6.2}% 62
\BOOKMARK [3][-]{subsubsection.6.6.2.15}{\376\377\0006\000.\0006\000.\0002\000.\0001\0005\000\040\000S\000e\000t\000M\000o\000d\000e\000\050\000i\000n\000t\000\040\000s\000m\000\051}{subsection.6.6.2}% 63
\BOOKMARK [3][-]{subsubsection.6.6.2.16}{\376\377\0006\000.\0006\000.\0002\000.\0001\0006\000\040\000s\000q\000u\000a\000r\000e\000\050\000d\000o\000u\000b\000l\000e\000\040\000x\000\051}{subsection.6.6.2}% 64
\BOOKMARK [3][-]{subsubsection.6.6.2.17}{\376\377\0006\000.\0006\000.\0002\000.\0001\0007\000\040\000S\000q\000u\000F\000a\000d\000e\000O\000u\000t\000\050\000d\000o\000u\000b\000l\000e\000\040\000c\000e\000t\000\051}{subsection.6.6.2}% 65
\BOOKMARK [3][-]{subsubsection.6.6.2.18}{\376\377\0006\000.\0006\000.\0002\000.\0001\0008\000\040\000t\000r\000i\000a\000n\000g\000l\000e\000\050\000d\000o\000u\000b\000l\000e\000\040\000x\000\051}{subsection.6.6.2}% 66
\BOOKMARK [1][-]{section.6.7}{\376\377\0006\000.\0007\000\040\000g\000u\000i\000.\000O\000s\000c\000G\000U\000I\000\040\000C\000l\000a\000s\000s\000\040\000R\000e\000f\000e\000r\000e\000n\000c\000e}{chapter.6}% 67
\BOOKMARK [2][-]{subsection.6.7.1}{\376\377\0006\000.\0007\000.\0001\000\040\000C\000o\000n\000s\000t\000r\000u\000c\000t\000o\000r\000\040\000\046\000\040\000D\000e\000s\000t\000r\000u\000c\000t\000o\000r\000\040\000D\000o\000c\000u\000m\000e\000n\000t\000a\000t\000i\000o\000n}{section.6.7}% 68
\BOOKMARK [3][-]{subsubsection.6.7.1.1}{\376\377\0006\000.\0007\000.\0001\000.\0001\000\040\000O\000s\000c\000G\000U\000I\000\050\000O\000S\000C\000\040\000s\000o\000\051}{subsection.6.7.1}% 69
\BOOKMARK [2][-]{subsection.6.7.2}{\376\377\0006\000.\0007\000.\0002\000\040\000M\000e\000m\000b\000e\000r\000\040\000F\000u\000n\000c\000t\000i\000o\000n\000\040\000D\000o\000c\000u\000m\000e\000n\000t\000a\000t\000i\000o\000n}{section.6.7}% 70
\BOOKMARK [3][-]{subsubsection.6.7.2.1}{\376\377\0006\000.\0007\000.\0002\000.\0001\000\040\000a\000c\000t\000i\000o\000n\000P\000e\000r\000f\000o\000r\000m\000e\000d\000\050\000A\000c\000t\000i\000o\000n\000E\000v\000e\000n\000t\000\040\000e\000\051}{subsection.6.7.2}% 71
\BOOKMARK [3][-]{subsubsection.6.7.2.2}{\376\377\0006\000.\0007\000.\0002\000.\0002\000\040\000c\000h\000a\000n\000g\000e\000d\000U\000p\000d\000a\000t\000e\000\050\000D\000o\000c\000u\000m\000e\000n\000t\000E\000v\000e\000n\000t\000\040\000e\000\051}{subsection.6.7.2}% 72
\BOOKMARK [3][-]{subsubsection.6.7.2.3}{\376\377\0006\000.\0007\000.\0002\000.\0003\000\040\000i\000n\000s\000e\000r\000t\000U\000p\000d\000a\000t\000e\000\050\000D\000o\000c\000u\000m\000e\000n\000t\000E\000v\000e\000n\000t\000\040\000e\000\051}{subsection.6.7.2}% 73
\BOOKMARK [3][-]{subsubsection.6.7.2.4}{\376\377\0006\000.\0007\000.\0002\000.\0004\000\040\000r\000e\000m\000o\000v\000e\000U\000p\000d\000a\000t\000e\000\050\000D\000o\000c\000u\000m\000e\000n\000t\000E\000v\000e\000n\000t\000\040\000e\000\051}{subsection.6.7.2}% 74
\BOOKMARK [3][-]{subsubsection.6.7.2.5}{\376\377\0006\000.\0007\000.\0002\000.\0005\000\040\000U\000p\000d\000e\000t\000e\000F\000r\000o\000m\000O\000S\000C\000\050\000\051}{subsection.6.7.2}% 75
\BOOKMARK [1][-]{section.6.8}{\376\377\0006\000.\0008\000\040\000m\000a\000i\000n\000.\000V\000i\000r\000t\000u\000a\000l\000K\000e\000y\000b\000o\000a\000r\000d\000\040\000C\000l\000a\000s\000s\000\040\000R\000e\000f\000e\000r\000e\000n\000c\000e}{chapter.6}% 76
\BOOKMARK [2][-]{subsection.6.8.1}{\376\377\0006\000.\0008\000.\0001\000\040\000D\000e\000t\000a\000i\000l\000e\000d\000\040\000D\000e\000s\000c\000r\000i\000p\000t\000i\000o\000n}{section.6.8}% 77
\BOOKMARK [2][-]{subsection.6.8.2}{\376\377\0006\000.\0008\000.\0002\000\040\000M\000e\000m\000b\000e\000r\000\040\000F\000u\000n\000c\000t\000i\000o\000n\000\040\000D\000o\000c\000u\000m\000e\000n\000t\000a\000t\000i\000o\000n}{section.6.8}% 78
\BOOKMARK [3][-]{subsubsection.6.8.2.1}{\376\377\0006\000.\0008\000.\0002\000.\0001\000\040\000k\000e\000y\000P\000r\000e\000s\000s\000e\000d\000\050\000K\000e\000y\000E\000v\000e\000n\000t\000\040\000e\000\051}{subsection.6.8.2}% 79
\BOOKMARK [3][-]{subsubsection.6.8.2.2}{\376\377\0006\000.\0008\000.\0002\000.\0002\000\040\000k\000e\000y\000R\000e\000l\000e\000a\000s\000e\000d\000\050\000K\000e\000y\000E\000v\000e\000n\000t\000\040\000e\000\051}{subsection.6.8.2}% 80
\BOOKMARK [3][-]{subsubsection.6.8.2.3}{\376\377\0006\000.\0008\000.\0002\000.\0003\000\040\000k\000e\000y\000T\000y\000p\000e\000d\000\050\000K\000e\000y\000E\000v\000e\000n\000t\000\040\000e\000\051}{subsection.6.8.2}% 81
\BOOKMARK [3][-]{subsubsection.6.8.2.4}{\376\377\0006\000.\0008\000.\0002\000.\0004\000\040\000S\000e\000t\000A\000c\000t\000i\000v\000e\000\050\000b\000o\000o\000l\000e\000a\000n\000\040\000s\000e\000t\000\051}{subsection.6.8.2}% 82
\BOOKMARK [0][-]{chapter.7}{\376\377\0007\000\040\000F\000i\000l\000e\000\040\000D\000o\000c\000u\000m\000e\000n\000t\000a\000t\000i\000o\000n}{}% 83
\BOOKMARK [1][-]{section.7.1}{\376\377\0007\000.\0001\000\040\000s\000r\000c\000/\000g\000u\000i\000/\000O\000s\000c\000G\000U\000I\000.\000j\000a\000v\000a\000\040\000F\000i\000l\000e\000\040\000R\000e\000f\000e\000r\000e\000n\000c\000e}{chapter.7}% 84
\BOOKMARK [1][-]{section.7.2}{\376\377\0007\000.\0002\000\040\000s\000r\000c\000/\000m\000a\000i\000n\000/\000A\000u\000d\000i\000o\000O\000u\000t\000p\000u\000t\000.\000j\000a\000v\000a\000\040\000F\000i\000l\000e\000\040\000R\000e\000f\000e\000r\000e\000n\000c\000e}{chapter.7}% 85
\BOOKMARK [1][-]{section.7.3}{\376\377\0007\000.\0003\000\040\000s\000r\000c\000/\000m\000a\000i\000n\000/\000M\000a\000i\000n\000.\000j\000a\000v\000a\000\040\000F\000i\000l\000e\000\040\000R\000e\000f\000e\000r\000e\000n\000c\000e}{chapter.7}% 86
\BOOKMARK [1][-]{section.7.4}{\376\377\0007\000.\0004\000\040\000s\000r\000c\000/\000m\000a\000i\000n\000/\000M\000i\000x\000e\000r\000.\000j\000a\000v\000a\000\040\000F\000i\000l\000e\000\040\000R\000e\000f\000e\000r\000e\000n\000c\000e}{chapter.7}% 87
\BOOKMARK [1][-]{section.7.5}{\376\377\0007\000.\0005\000\040\000s\000r\000c\000/\000m\000a\000i\000n\000/\000N\000o\000t\000e\000.\000j\000a\000v\000a\000\040\000F\000i\000l\000e\000\040\000R\000e\000f\000e\000r\000e\000n\000c\000e}{chapter.7}% 88
\BOOKMARK [1][-]{section.7.6}{\376\377\0007\000.\0006\000\040\000s\000r\000c\000/\000m\000a\000i\000n\000/\000N\000o\000t\000e\000L\000i\000s\000t\000e\000n\000e\000r\000.\000j\000a\000v\000a\000\040\000F\000i\000l\000e\000\040\000R\000e\000f\000e\000r\000e\000n\000c\000e}{chapter.7}% 89
\BOOKMARK [1][-]{section.7.7}{\376\377\0007\000.\0007\000\040\000s\000r\000c\000/\000m\000a\000i\000n\000/\000O\000S\000C\000.\000j\000a\000v\000a\000\040\000F\000i\000l\000e\000\040\000R\000e\000f\000e\000r\000e\000n\000c\000e}{chapter.7}% 90
\BOOKMARK [1][-]{section.7.8}{\376\377\0007\000.\0008\000\040\000s\000r\000c\000/\000m\000a\000i\000n\000/\000V\000i\000r\000t\000u\000a\000l\000K\000e\000y\000b\000o\000a\000r\000d\000.\000j\000a\000v\000a\000\040\000F\000i\000l\000e\000\040\000R\000e\000f\000e\000r\000e\000n\000c\000e}{chapter.7}% 91
